Traceback (most recent call last):
  File "C:\Users\divya\CascadeProjects\windsurf-project\run.py", line 1, in <module>
    from app import create_app, socketio
  File "C:\Users\divya\CascadeProjects\windsurf-project\app\__init__.py", line 2, in <module>
    from flask_sqlalchemy import SQLAlchemy
  File "C:\Users\divya\AppData\Local\Packages\PythonSoftwareFoundation.Python.3.13_qbz5n2kfra8p0\LocalCache\local-packages\Python313\site-packages\flask_sqlalchemy\__init__.py", line 5, in <module>
    from .extension import SQLAlchemy
  File "C:\Users\divya\AppData\Local\Packages\PythonSoftwareFoundation.Python.3.13_qbz5n2kfra8p0\LocalCache\local-packages\Python313\site-packages\flask_sqlalchemy\extension.py", line 7, in <module>
    import sqlalchemy as sa
  File "C:\Users\divya\AppData\Local\Packages\PythonSoftwareFoundation.Python.3.13_qbz5n2kfra8p0\LocalCache\local-packages\Python313\site-packages\sqlalchemy\__init__.py", line 13, in <module>
    from .engine import AdaptedConnection as AdaptedConnection
  File "C:\Users\divya\AppData\Local\Packages\PythonSoftwareFoundation.Python.3.13_qbz5n2kfra8p0\LocalCache\local-packages\Python313\site-packages\sqlalchemy\engine\__init__.py", line 18, in <module>
    from . import events as events
  File "C:\Users\divya\AppData\Local\Packages\PythonSoftwareFoundation.Python.3.13_qbz5n2kfra8p0\LocalCache\local-packages\Python313\site-packages\sqlalchemy\engine\events.py", line 19, in <module>
    from .base import Connection
  File "C:\Users\divya\AppData\Local\Packages\PythonSoftwareFoundation.Python.3.13_qbz5n2kfra8p0\LocalCache\local-packages\Python313\site-packages\sqlalchemy\engine\base.py", line 30, in <module>
    from .interfaces import BindTyping
  File "C:\Users\divya\AppData\Local\Packages\PythonSoftwareFoundation.Python.3.13_qbz5n2kfra8p0\LocalCache\local-packages\Python313\site-packages\sqlalchemy\engine\interfaces.py", line 38, in <module>
    from ..sql.compiler import Compiled as Compiled
  File "C:\Users\divya\AppData\Local\Packages\PythonSoftwareFoundation.Python.3.13_qbz5n2kfra8p0\LocalCache\local-packages\Python313\site-packages\sqlalchemy\sql\__init__.py", line 14, in <module>
    from .compiler import COLLECT_CARTESIAN_PRODUCTS as COLLECT_CARTESIAN_PRODUCTS
  File "C:\Users\divya\AppData\Local\Packages\PythonSoftwareFoundation.Python.3.13_qbz5n2kfra8p0\LocalCache\local-packages\Python313\site-packages\sqlalchemy\sql\compiler.py", line 61, in <module>
    from . import crud
  File "C:\Users\divya\AppData\Local\Packages\PythonSoftwareFoundation.Python.3.13_qbz5n2kfra8p0\LocalCache\local-packages\Python313\site-packages\sqlalchemy\sql\crud.py", line 34, in <module>
    from . import dml
  File "C:\Users\divya\AppData\Local\Packages\PythonSoftwareFoundation.Python.3.13_qbz5n2kfra8p0\LocalCache\local-packages\Python313\site-packages\sqlalchemy\sql\dml.py", line 34, in <module>
    from . import util as sql_util
  File "C:\Users\divya\AppData\Local\Packages\PythonSoftwareFoundation.Python.3.13_qbz5n2kfra8p0\LocalCache\local-packages\Python313\site-packages\sqlalchemy\sql\util.py", line 46, in <module>
    from .ddl import sort_tables as sort_tables  # noqa: F401
    ^^^^^^^^^^^^^^^^^^^^^^^^^^^^^^^^^^^^^^^^^^^
  File "C:\Users\divya\AppData\Local\Packages\PythonSoftwareFoundation.Python.3.13_qbz5n2kfra8p0\LocalCache\local-packages\Python313\site-packages\sqlalchemy\sql\ddl.py", line 30, in <module>
    from .elements import ClauseElement
  File "C:\Users\divya\AppData\Local\Packages\PythonSoftwareFoundation.Python.3.13_qbz5n2kfra8p0\LocalCache\local-packages\Python313\site-packages\sqlalchemy\sql\elements.py", line 808, in <module>
    class SQLCoreOperations(Generic[_T_co], ColumnOperators, TypingOnly):
    ...<472 lines>...
                ...
  File "C:\Program Files\WindowsApps\PythonSoftwareFoundation.Python.3.13_3.13.1776.0_x64__qbz5n2kfra8p0\Lib\typing.py", line 1257, in _generic_init_subclass
    super(Generic, cls).__init_subclass__(*args, **kwargs)
    ~~~~~~~~~~~~~~~~~~~~~~~~~~~~~~~~~~~~~^^^^^^^^^^^^^^^^^
  File "C:\Users\divya\AppData\Local\Packages\PythonSoftwareFoundation.Python.3.13_qbz5n2kfra8p0\LocalCache\local-packages\Python313\site-packages\sqlalchemy\util\langhelpers.py", line 1988, in __init_subclass__
    raise AssertionError(
    ...<2 lines>...
    )
AssertionError: Class <class 'sqlalchemy.sql.elements.SQLCoreOperations'> directly inherits TypingOnly but has additional attributes {'__firstlineno__', '__static_attributes__'}.
Bootstrap: PY 3.12.8 (tags/v3.12.8:2dc476b, Dec  3 2024, 19:30:04) [MSC v.1942 64 bit (AMD64)]
EXE: C:\Users\divya\CascadeProjects\windsurf-project\.venv\Scripts\python.exe
sys.path (truncated): C:\Users\divya\CascadeProjects\windsurf-project | C:\Program Files (x86)\CambridgeSoft\ChemOffice2015\ChemScript\Lib | C:\Users\divya\AppData\Local\Programs\Python\Python312\python312.zip | C:\Users\divya\AppData\Local\Programs\Python\Python312\DLLs | C:\Users\divya\AppData\Local\Programs\Python\Python312\Lib | C:\Users\divya\AppData\Local\Programs\Python\Python312 | C:\Users\divya\CascadeProjects\windsurf-project\.venv | C:\Users\divya\CascadeProjects\windsurf-project\.venv\Lib\site-packages
Bootstrap: PY 3.12.8 (tags/v3.12.8:2dc476b, Dec  3 2024, 19:30:04) [MSC v.1942 64 bit (AMD64)]
EXE: C:\Users\divya\CascadeProjects\windsurf-project\.venv\Scripts\python.exe
sys.path (truncated): C:\Users\divya\CascadeProjects\windsurf-project | C:\Program Files (x86)\CambridgeSoft\ChemOffice2015\ChemScript\Lib | C:\Users\divya\AppData\Local\Programs\Python\Python312\python312.zip | C:\Users\divya\AppData\Local\Programs\Python\Python312\DLLs | C:\Users\divya\AppData\Local\Programs\Python\Python312\Lib | C:\Users\divya\AppData\Local\Programs\Python\Python312 | C:\Users\divya\CascadeProjects\windsurf-project\.venv | C:\Users\divya\CascadeProjects\windsurf-project\.venv\Lib\site-packages
Bootstrap: PY 3.12.8 (tags/v3.12.8:2dc476b, Dec  3 2024, 19:30:04) [MSC v.1942 64 bit (AMD64)]
EXE: C:\Users\divya\CascadeProjects\windsurf-project\.venv\Scripts\python.exe
sys.path (truncated): C:\Users\divya\CascadeProjects\windsurf-project | C:\Program Files (x86)\CambridgeSoft\ChemOffice2015\ChemScript\Lib | C:\Users\divya\AppData\Local\Programs\Python\Python312\python312.zip | C:\Users\divya\AppData\Local\Programs\Python\Python312\DLLs | C:\Users\divya\AppData\Local\Programs\Python\Python312\Lib | C:\Users\divya\AppData\Local\Programs\Python\Python312 | C:\Users\divya\CascadeProjects\windsurf-project\.venv | C:\Users\divya\CascadeProjects\windsurf-project\.venv\Lib\site-packages
Bootstrap: PY 3.12.8 (tags/v3.12.8:2dc476b, Dec  3 2024, 19:30:04) [MSC v.1942 64 bit (AMD64)]
EXE: C:\Users\divya\CascadeProjects\windsurf-project\.venv\Scripts\python.exe
sys.path (truncated): C:\Users\divya\CascadeProjects\windsurf-project | C:\Program Files (x86)\CambridgeSoft\ChemOffice2015\ChemScript\Lib | C:\Users\divya\AppData\Local\Programs\Python\Python312\python312.zip | C:\Users\divya\AppData\Local\Programs\Python\Python312\DLLs | C:\Users\divya\AppData\Local\Programs\Python\Python312\Lib | C:\Users\divya\AppData\Local\Programs\Python\Python312 | C:\Users\divya\CascadeProjects\windsurf-project\.venv | C:\Users\divya\CascadeProjects\windsurf-project\.venv\Lib\site-packages
Bootstrap: PY 3.12.8 (tags/v3.12.8:2dc476b, Dec  3 2024, 19:30:04) [MSC v.1942 64 bit (AMD64)]
EXE: C:\Users\divya\CascadeProjects\windsurf-project\.venv\Scripts\python.exe
sys.path (truncated): C:\Users\divya\CascadeProjects\windsurf-project | C:\Program Files (x86)\CambridgeSoft\ChemOffice2015\ChemScript\Lib | C:\Users\divya\AppData\Local\Programs\Python\Python312\python312.zip | C:\Users\divya\AppData\Local\Programs\Python\Python312\DLLs | C:\Users\divya\AppData\Local\Programs\Python\Python312\Lib | C:\Users\divya\AppData\Local\Programs\Python\Python312 | C:\Users\divya\CascadeProjects\windsurf-project\.venv | C:\Users\divya\CascadeProjects\windsurf-project\.venv\Lib\site-packages
Bootstrap: PY 3.12.8 (tags/v3.12.8:2dc476b, Dec  3 2024, 19:30:04) [MSC v.1942 64 bit (AMD64)]
EXE: C:\Users\divya\CascadeProjects\windsurf-project\.venv\Scripts\python.exe
sys.path (truncated): C:\Users\divya\CascadeProjects\windsurf-project | C:\Program Files (x86)\CambridgeSoft\ChemOffice2015\ChemScript\Lib | C:\Users\divya\AppData\Local\Programs\Python\Python312\python312.zip | C:\Users\divya\AppData\Local\Programs\Python\Python312\DLLs | C:\Users\divya\AppData\Local\Programs\Python\Python312\Lib | C:\Users\divya\AppData\Local\Programs\Python\Python312 | C:\Users\divya\CascadeProjects\windsurf-project\.venv | C:\Users\divya\CascadeProjects\windsurf-project\.venv\Lib\site-packages
Bootstrap: PY 3.12.8 (tags/v3.12.8:2dc476b, Dec  3 2024, 19:30:04) [MSC v.1942 64 bit (AMD64)]
EXE: C:\Users\divya\CascadeProjects\windsurf-project\.venv\Scripts\python.exe
sys.path (truncated): C:\Users\divya\CascadeProjects\windsurf-project | C:\Program Files (x86)\CambridgeSoft\ChemOffice2015\ChemScript\Lib | C:\Users\divya\AppData\Local\Programs\Python\Python312\python312.zip | C:\Users\divya\AppData\Local\Programs\Python\Python312\DLLs | C:\Users\divya\AppData\Local\Programs\Python\Python312\Lib | C:\Users\divya\AppData\Local\Programs\Python\Python312 | C:\Users\divya\CascadeProjects\windsurf-project\.venv | C:\Users\divya\CascadeProjects\windsurf-project\.venv\Lib\site-packages
Bootstrap: PY 3.12.8 (tags/v3.12.8:2dc476b, Dec  3 2024, 19:30:04) [MSC v.1942 64 bit (AMD64)]
EXE: C:\Users\divya\CascadeProjects\windsurf-project\.venv\Scripts\python.exe
sys.path (truncated): C:\Users\divya\CascadeProjects\windsurf-project | C:\Program Files (x86)\CambridgeSoft\ChemOffice2015\ChemScript\Lib | C:\Users\divya\AppData\Local\Programs\Python\Python312\python312.zip | C:\Users\divya\AppData\Local\Programs\Python\Python312\DLLs | C:\Users\divya\AppData\Local\Programs\Python\Python312\Lib | C:\Users\divya\AppData\Local\Programs\Python\Python312 | C:\Users\divya\CascadeProjects\windsurf-project\.venv | C:\Users\divya\CascadeProjects\windsurf-project\.venv\Lib\site-packages
Bootstrap: PY 3.12.8 (tags/v3.12.8:2dc476b, Dec  3 2024, 19:30:04) [MSC v.1942 64 bit (AMD64)]
EXE: C:\Users\divya\CascadeProjects\windsurf-project\.venv\Scripts\python.exe
sys.path (truncated): C:\Users\divya\CascadeProjects\windsurf-project | C:\Program Files (x86)\CambridgeSoft\ChemOffice2015\ChemScript\Lib | C:\Users\divya\AppData\Local\Programs\Python\Python312\python312.zip | C:\Users\divya\AppData\Local\Programs\Python\Python312\DLLs | C:\Users\divya\AppData\Local\Programs\Python\Python312\Lib | C:\Users\divya\AppData\Local\Programs\Python\Python312 | C:\Users\divya\CascadeProjects\windsurf-project\.venv | C:\Users\divya\CascadeProjects\windsurf-project\.venv\Lib\site-packages
Bootstrap: PY 3.12.8 (tags/v3.12.8:2dc476b, Dec  3 2024, 19:30:04) [MSC v.1942 64 bit (AMD64)]
EXE: C:\Users\divya\CascadeProjects\windsurf-project\.venv\Scripts\python.exe
sys.path (truncated): C:\Users\divya\CascadeProjects\windsurf-project | C:\Program Files (x86)\CambridgeSoft\ChemOffice2015\ChemScript\Lib | C:\Users\divya\AppData\Local\Programs\Python\Python312\python312.zip | C:\Users\divya\AppData\Local\Programs\Python\Python312\DLLs | C:\Users\divya\AppData\Local\Programs\Python\Python312\Lib | C:\Users\divya\AppData\Local\Programs\Python\Python312 | C:\Users\divya\CascadeProjects\windsurf-project\.venv | C:\Users\divya\CascadeProjects\windsurf-project\.venv\Lib\site-packages
Bootstrap: PY 3.12.8 (tags/v3.12.8:2dc476b, Dec  3 2024, 19:30:04) [MSC v.1942 64 bit (AMD64)]
EXE: C:\Users\divya\CascadeProjects\windsurf-project\.venv\Scripts\python.exe
sys.path (truncated): C:\Users\divya\CascadeProjects\windsurf-project | C:\Program Files (x86)\CambridgeSoft\ChemOffice2015\ChemScript\Lib | C:\Users\divya\AppData\Local\Programs\Python\Python312\python312.zip | C:\Users\divya\AppData\Local\Programs\Python\Python312\DLLs | C:\Users\divya\AppData\Local\Programs\Python\Python312\Lib | C:\Users\divya\AppData\Local\Programs\Python\Python312 | C:\Users\divya\CascadeProjects\windsurf-project\.venv | C:\Users\divya\CascadeProjects\windsurf-project\.venv\Lib\site-packages
Bootstrap: PY 3.12.8 (tags/v3.12.8:2dc476b, Dec  3 2024, 19:30:04) [MSC v.1942 64 bit (AMD64)]
EXE: C:\Users\divya\CascadeProjects\windsurf-project\.venv\Scripts\python.exe
sys.path (truncated): C:\Users\divya\CascadeProjects\windsurf-project | C:\Program Files (x86)\CambridgeSoft\ChemOffice2015\ChemScript\Lib | C:\Users\divya\AppData\Local\Programs\Python\Python312\python312.zip | C:\Users\divya\AppData\Local\Programs\Python\Python312\DLLs | C:\Users\divya\AppData\Local\Programs\Python\Python312\Lib | C:\Users\divya\AppData\Local\Programs\Python\Python312 | C:\Users\divya\CascadeProjects\windsurf-project\.venv | C:\Users\divya\CascadeProjects\windsurf-project\.venv\Lib\site-packages
Bootstrap: PY 3.12.8 (tags/v3.12.8:2dc476b, Dec  3 2024, 19:30:04) [MSC v.1942 64 bit (AMD64)]
EXE: C:\Users\divya\CascadeProjects\windsurf-project\.venv\Scripts\python.exe
sys.path (truncated): C:\Users\divya\CascadeProjects\windsurf-project | C:\Program Files (x86)\CambridgeSoft\ChemOffice2015\ChemScript\Lib | C:\Users\divya\AppData\Local\Programs\Python\Python312\python312.zip | C:\Users\divya\AppData\Local\Programs\Python\Python312\DLLs | C:\Users\divya\AppData\Local\Programs\Python\Python312\Lib | C:\Users\divya\AppData\Local\Programs\Python\Python312 | C:\Users\divya\CascadeProjects\windsurf-project\.venv | C:\Users\divya\CascadeProjects\windsurf-project\.venv\Lib\site-packages
Bootstrap: PY 3.12.8 (tags/v3.12.8:2dc476b, Dec  3 2024, 19:30:04) [MSC v.1942 64 bit (AMD64)]
EXE: C:\Users\divya\CascadeProjects\windsurf-project\.venv\Scripts\python.exe
sys.path (truncated): C:\Users\divya\CascadeProjects\windsurf-project | C:\Program Files (x86)\CambridgeSoft\ChemOffice2015\ChemScript\Lib | C:\Users\divya\AppData\Local\Programs\Python\Python312\python312.zip | C:\Users\divya\AppData\Local\Programs\Python\Python312\DLLs | C:\Users\divya\AppData\Local\Programs\Python\Python312\Lib | C:\Users\divya\AppData\Local\Programs\Python\Python312 | C:\Users\divya\CascadeProjects\windsurf-project\.venv | C:\Users\divya\CascadeProjects\windsurf-project\.venv\Lib\site-packages
Bootstrap: PY 3.12.8 (tags/v3.12.8:2dc476b, Dec  3 2024, 19:30:04) [MSC v.1942 64 bit (AMD64)]
EXE: C:\Users\divya\CascadeProjects\windsurf-project\.venv\Scripts\python.exe
sys.path (truncated): C:\Users\divya\CascadeProjects\windsurf-project | C:\Program Files (x86)\CambridgeSoft\ChemOffice2015\ChemScript\Lib | C:\Users\divya\AppData\Local\Programs\Python\Python312\python312.zip | C:\Users\divya\AppData\Local\Programs\Python\Python312\DLLs | C:\Users\divya\AppData\Local\Programs\Python\Python312\Lib | C:\Users\divya\AppData\Local\Programs\Python\Python312 | C:\Users\divya\CascadeProjects\windsurf-project\.venv | C:\Users\divya\CascadeProjects\windsurf-project\.venv\Lib\site-packages
Bootstrap: PY 3.12.8 (tags/v3.12.8:2dc476b, Dec  3 2024, 19:30:04) [MSC v.1942 64 bit (AMD64)]
EXE: C:\Users\divya\CascadeProjects\windsurf-project\.venv\Scripts\python.exe
sys.path (truncated): C:\Users\divya\CascadeProjects\windsurf-project | C:\Program Files (x86)\CambridgeSoft\ChemOffice2015\ChemScript\Lib | C:\Users\divya\AppData\Local\Programs\Python\Python312\python312.zip | C:\Users\divya\AppData\Local\Programs\Python\Python312\DLLs | C:\Users\divya\AppData\Local\Programs\Python\Python312\Lib | C:\Users\divya\AppData\Local\Programs\Python\Python312 | C:\Users\divya\CascadeProjects\windsurf-project\.venv | C:\Users\divya\CascadeProjects\windsurf-project\.venv\Lib\site-packages
Bootstrap: PY 3.12.8 (tags/v3.12.8:2dc476b, Dec  3 2024, 19:30:04) [MSC v.1942 64 bit (AMD64)]
EXE: C:\Users\divya\CascadeProjects\windsurf-project\.venv\Scripts\python.exe
sys.path (truncated): C:\Users\divya\CascadeProjects\windsurf-project | C:\Program Files (x86)\CambridgeSoft\ChemOffice2015\ChemScript\Lib | C:\Users\divya\AppData\Local\Programs\Python\Python312\python312.zip | C:\Users\divya\AppData\Local\Programs\Python\Python312\DLLs | C:\Users\divya\AppData\Local\Programs\Python\Python312\Lib | C:\Users\divya\AppData\Local\Programs\Python\Python312 | C:\Users\divya\CascadeProjects\windsurf-project\.venv | C:\Users\divya\CascadeProjects\windsurf-project\.venv\Lib\site-packages
Bootstrap: PY 3.12.8 (tags/v3.12.8:2dc476b, Dec  3 2024, 19:30:04) [MSC v.1942 64 bit (AMD64)]
EXE: C:\Users\divya\CascadeProjects\windsurf-project\.venv\Scripts\python.exe
sys.path (truncated): C:\Users\divya\CascadeProjects\windsurf-project | C:\Program Files (x86)\CambridgeSoft\ChemOffice2015\ChemScript\Lib | C:\Users\divya\AppData\Local\Programs\Python\Python312\python312.zip | C:\Users\divya\AppData\Local\Programs\Python\Python312\DLLs | C:\Users\divya\AppData\Local\Programs\Python\Python312\Lib | C:\Users\divya\AppData\Local\Programs\Python\Python312 | C:\Users\divya\CascadeProjects\windsurf-project\.venv | C:\Users\divya\CascadeProjects\windsurf-project\.venv\Lib\site-packages
Bootstrap: PY 3.12.8 (tags/v3.12.8:2dc476b, Dec  3 2024, 19:30:04) [MSC v.1942 64 bit (AMD64)]
EXE: C:\Users\divya\CascadeProjects\windsurf-project\.venv\Scripts\python.exe
sys.path (truncated): C:\Users\divya\CascadeProjects\windsurf-project | C:\Program Files (x86)\CambridgeSoft\ChemOffice2015\ChemScript\Lib | C:\Users\divya\AppData\Local\Programs\Python\Python312\python312.zip | C:\Users\divya\AppData\Local\Programs\Python\Python312\DLLs | C:\Users\divya\AppData\Local\Programs\Python\Python312\Lib | C:\Users\divya\AppData\Local\Programs\Python\Python312 | C:\Users\divya\CascadeProjects\windsurf-project\.venv | C:\Users\divya\CascadeProjects\windsurf-project\.venv\Lib\site-packages
Bootstrap: PY 3.12.8 (tags/v3.12.8:2dc476b, Dec  3 2024, 19:30:04) [MSC v.1942 64 bit (AMD64)]
EXE: C:\Users\divya\CascadeProjects\windsurf-project\.venv\Scripts\python.exe
sys.path (truncated): C:\Users\divya\CascadeProjects\windsurf-project | C:\Program Files (x86)\CambridgeSoft\ChemOffice2015\ChemScript\Lib | C:\Users\divya\AppData\Local\Programs\Python\Python312\python312.zip | C:\Users\divya\AppData\Local\Programs\Python\Python312\DLLs | C:\Users\divya\AppData\Local\Programs\Python\Python312\Lib | C:\Users\divya\AppData\Local\Programs\Python\Python312 | C:\Users\divya\CascadeProjects\windsurf-project\.venv | C:\Users\divya\CascadeProjects\windsurf-project\.venv\Lib\site-packages
Bootstrap: PY 3.12.8 (tags/v3.12.8:2dc476b, Dec  3 2024, 19:30:04) [MSC v.1942 64 bit (AMD64)]
EXE: C:\Users\divya\CascadeProjects\windsurf-project\.venv\Scripts\python.exe
sys.path (truncated): C:\Users\divya\CascadeProjects\windsurf-project | C:\Program Files (x86)\CambridgeSoft\ChemOffice2015\ChemScript\Lib | C:\Users\divya\AppData\Local\Programs\Python\Python312\python312.zip | C:\Users\divya\AppData\Local\Programs\Python\Python312\DLLs | C:\Users\divya\AppData\Local\Programs\Python\Python312\Lib | C:\Users\divya\AppData\Local\Programs\Python\Python312 | C:\Users\divya\CascadeProjects\windsurf-project\.venv | C:\Users\divya\CascadeProjects\windsurf-project\.venv\Lib\site-packages
Bootstrap: PY 3.12.8 (tags/v3.12.8:2dc476b, Dec  3 2024, 19:30:04) [MSC v.1942 64 bit (AMD64)]
EXE: C:\Users\divya\CascadeProjects\windsurf-project\.venv\Scripts\python.exe
sys.path (truncated): C:\Users\divya\CascadeProjects\windsurf-project\.venv\Lib\site-packages | C:\Users\divya\CascadeProjects\windsurf-project | C:\Program Files (x86)\CambridgeSoft\ChemOffice2015\ChemScript\Lib | C:\Users\divya\AppData\Local\Programs\Python\Python312\python312.zip | C:\Users\divya\AppData\Local\Programs\Python\Python312\DLLs | C:\Users\divya\AppData\Local\Programs\Python\Python312\Lib | C:\Users\divya\AppData\Local\Programs\Python\Python312 | C:\Users\divya\CascadeProjects\windsurf-project\.venv
Bootstrap: PY 3.12.8 (tags/v3.12.8:2dc476b, Dec  3 2024, 19:30:04) [MSC v.1942 64 bit (AMD64)]
EXE: C:\Users\divya\CascadeProjects\windsurf-project\.venv\Scripts\python.exe
sys.path (truncated): C:\Users\divya\CascadeProjects\windsurf-project\.venv\Lib\site-packages | C:\Users\divya\CascadeProjects\windsurf-project | C:\Program Files (x86)\CambridgeSoft\ChemOffice2015\ChemScript\Lib | C:\Users\divya\AppData\Local\Programs\Python\Python312\python312.zip | C:\Users\divya\AppData\Local\Programs\Python\Python312\DLLs | C:\Users\divya\AppData\Local\Programs\Python\Python312\Lib | C:\Users\divya\AppData\Local\Programs\Python\Python312 | C:\Users\divya\CascadeProjects\windsurf-project\.venv
Bootstrap: PY 3.12.8 (tags/v3.12.8:2dc476b, Dec  3 2024, 19:30:04) [MSC v.1942 64 bit (AMD64)]
EXE: C:\Users\divya\CascadeProjects\windsurf-project\.venv\Scripts\python.exe
sys.path (truncated): C:\Users\divya\CascadeProjects\windsurf-project\.venv\Lib\site-packages | C:\Users\divya\CascadeProjects\windsurf-project | C:\Program Files (x86)\CambridgeSoft\ChemOffice2015\ChemScript\Lib | C:\Users\divya\AppData\Local\Programs\Python\Python312\python312.zip | C:\Users\divya\AppData\Local\Programs\Python\Python312\DLLs | C:\Users\divya\AppData\Local\Programs\Python\Python312\Lib | C:\Users\divya\AppData\Local\Programs\Python\Python312 | C:\Users\divya\CascadeProjects\windsurf-project\.venv
Bootstrap: PY 3.12.8 (tags/v3.12.8:2dc476b, Dec  3 2024, 19:30:04) [MSC v.1942 64 bit (AMD64)]
EXE: C:\Users\divya\CascadeProjects\windsurf-project\.venv\Scripts\python.exe
sys.path (truncated): C:\Users\divya\CascadeProjects\windsurf-project\.venv\Lib\site-packages | C:\Users\divya\CascadeProjects\windsurf-project | C:\Program Files (x86)\CambridgeSoft\ChemOffice2015\ChemScript\Lib | C:\Users\divya\AppData\Local\Programs\Python\Python312\python312.zip | C:\Users\divya\AppData\Local\Programs\Python\Python312\DLLs | C:\Users\divya\AppData\Local\Programs\Python\Python312\Lib | C:\Users\divya\AppData\Local\Programs\Python\Python312 | C:\Users\divya\CascadeProjects\windsurf-project\.venv
Bootstrap: PY 3.12.8 (tags/v3.12.8:2dc476b, Dec  3 2024, 19:30:04) [MSC v.1942 64 bit (AMD64)]
EXE: C:\Users\divya\CascadeProjects\windsurf-project\.venv\Scripts\python.exe
sys.path (truncated): C:\Users\divya\CascadeProjects\windsurf-project\.venv\Lib\site-packages | C:\Users\divya\CascadeProjects\windsurf-project | C:\Program Files (x86)\CambridgeSoft\ChemOffice2015\ChemScript\Lib | C:\Users\divya\AppData\Local\Programs\Python\Python312\python312.zip | C:\Users\divya\AppData\Local\Programs\Python\Python312\DLLs | C:\Users\divya\AppData\Local\Programs\Python\Python312\Lib | C:\Users\divya\AppData\Local\Programs\Python\Python312 | C:\Users\divya\CascadeProjects\windsurf-project\.venv
Bootstrap: PY 3.12.8 (tags/v3.12.8:2dc476b, Dec  3 2024, 19:30:04) [MSC v.1942 64 bit (AMD64)]
EXE: C:\Users\divya\CascadeProjects\windsurf-project\.venv\Scripts\python.exe
sys.path (truncated): C:\Users\divya\CascadeProjects\windsurf-project\.venv\Lib\site-packages | C:\Users\divya\CascadeProjects\windsurf-project | C:\Program Files (x86)\CambridgeSoft\ChemOffice2015\ChemScript\Lib | C:\Users\divya\AppData\Local\Programs\Python\Python312\python312.zip | C:\Users\divya\AppData\Local\Programs\Python\Python312\DLLs | C:\Users\divya\AppData\Local\Programs\Python\Python312\Lib | C:\Users\divya\AppData\Local\Programs\Python\Python312 | C:\Users\divya\CascadeProjects\windsurf-project\.venv
Bootstrap: PY 3.12.8 (tags/v3.12.8:2dc476b, Dec  3 2024, 19:30:04) [MSC v.1942 64 bit (AMD64)]
EXE: C:\Users\divya\AppData\Local\Programs\Python\Python312\python.exe
sys.path (truncated): C:\Users\divya\CascadeProjects\windsurf-project\.venv\Lib\site-packages | C:\Users\divya\CascadeProjects\windsurf-project | C:\Users\divya\AppData\Local\Programs\Python\Python312\Scripts\flask.exe | C:\Program Files (x86)\CambridgeSoft\ChemOffice2015\ChemScript\Lib | C:\Users\divya\AppData\Local\Programs\Python\Python312\python312.zip | C:\Users\divya\AppData\Local\Programs\Python\Python312\DLLs | C:\Users\divya\AppData\Local\Programs\Python\Python312\Lib | C:\Users\divya\AppData\Local\Programs\Python\Python312
Bootstrap: PY 3.12.8 (tags/v3.12.8:2dc476b, Dec  3 2024, 19:30:04) [MSC v.1942 64 bit (AMD64)]
EXE: C:\Users\divya\AppData\Local\Programs\Python\Python312\python.exe
sys.path (truncated): C:\Users\divya\CascadeProjects\windsurf-project\.venv\Lib\site-packages | C:\Users\divya\CascadeProjects\windsurf-project | C:\Users\divya\AppData\Local\Programs\Python\Python312\Scripts\flask.exe | C:\Program Files (x86)\CambridgeSoft\ChemOffice2015\ChemScript\Lib | C:\Users\divya\AppData\Local\Programs\Python\Python312\python312.zip | C:\Users\divya\AppData\Local\Programs\Python\Python312\DLLs | C:\Users\divya\AppData\Local\Programs\Python\Python312\Lib | C:\Users\divya\AppData\Local\Programs\Python\Python312
Bootstrap: PY 3.12.8 (tags/v3.12.8:2dc476b, Dec  3 2024, 19:30:04) [MSC v.1942 64 bit (AMD64)]
EXE: C:\Users\divya\CascadeProjects\windsurf-project\.venv\Scripts\python.exe
sys.path (truncated): C:\Users\divya\CascadeProjects\windsurf-project\.venv\Lib\site-packages | C:\Users\divya\CascadeProjects\windsurf-project | C:\Program Files (x86)\CambridgeSoft\ChemOffice2015\ChemScript\Lib | C:\Users\divya\AppData\Local\Programs\Python\Python312\python312.zip | C:\Users\divya\AppData\Local\Programs\Python\Python312\DLLs | C:\Users\divya\AppData\Local\Programs\Python\Python312\Lib | C:\Users\divya\AppData\Local\Programs\Python\Python312 | C:\Users\divya\CascadeProjects\windsurf-project\.venv
Bootstrap: PY 3.12.8 (tags/v3.12.8:2dc476b, Dec  3 2024, 19:30:04) [MSC v.1942 64 bit (AMD64)]
EXE: C:\Users\divya\CascadeProjects\windsurf-project\.venv\Scripts\python.exe
sys.path (truncated): C:\Users\divya\CascadeProjects\windsurf-project\.venv\Lib\site-packages | C:\Users\divya\CascadeProjects\windsurf-project | C:\Program Files (x86)\CambridgeSoft\ChemOffice2015\ChemScript\Lib | C:\Users\divya\AppData\Local\Programs\Python\Python312\python312.zip | C:\Users\divya\AppData\Local\Programs\Python\Python312\DLLs | C:\Users\divya\AppData\Local\Programs\Python\Python312\Lib | C:\Users\divya\AppData\Local\Programs\Python\Python312 | C:\Users\divya\CascadeProjects\windsurf-project\.venv
Bootstrap: PY 3.12.8 (tags/v3.12.8:2dc476b, Dec  3 2024, 19:30:04) [MSC v.1942 64 bit (AMD64)]
EXE: C:\Users\divya\CascadeProjects\windsurf-project\.venv\Scripts\python.exe
sys.path (truncated): C:\Users\divya\CascadeProjects\windsurf-project\.venv\Lib\site-packages | C:\Users\divya\CascadeProjects\windsurf-project | C:\Program Files (x86)\CambridgeSoft\ChemOffice2015\ChemScript\Lib | C:\Users\divya\AppData\Local\Programs\Python\Python312\python312.zip | C:\Users\divya\AppData\Local\Programs\Python\Python312\DLLs | C:\Users\divya\AppData\Local\Programs\Python\Python312\Lib | C:\Users\divya\AppData\Local\Programs\Python\Python312 | C:\Users\divya\CascadeProjects\windsurf-project\.venv
Bootstrap: PY 3.12.8 (tags/v3.12.8:2dc476b, Dec  3 2024, 19:30:04) [MSC v.1942 64 bit (AMD64)]
EXE: C:\Users\divya\CascadeProjects\windsurf-project\.venv\Scripts\python.exe
sys.path (truncated): C:\Users\divya\CascadeProjects\windsurf-project\.venv\Lib\site-packages | C:\Users\divya\CascadeProjects\windsurf-project | C:\Program Files (x86)\CambridgeSoft\ChemOffice2015\ChemScript\Lib | C:\Users\divya\AppData\Local\Programs\Python\Python312\python312.zip | C:\Users\divya\AppData\Local\Programs\Python\Python312\DLLs | C:\Users\divya\AppData\Local\Programs\Python\Python312\Lib | C:\Users\divya\AppData\Local\Programs\Python\Python312 | C:\Users\divya\CascadeProjects\windsurf-project\.venv
Bootstrap: PY 3.12.8 (tags/v3.12.8:2dc476b, Dec  3 2024, 19:30:04) [MSC v.1942 64 bit (AMD64)]
EXE: C:\Users\divya\CascadeProjects\windsurf-project\.venv\Scripts\python.exe
sys.path (truncated): C:\Users\divya\CascadeProjects\windsurf-project\.venv\Lib\site-packages | C:\Users\divya\CascadeProjects\windsurf-project | C:\Program Files (x86)\CambridgeSoft\ChemOffice2015\ChemScript\Lib | C:\Users\divya\AppData\Local\Programs\Python\Python312\python312.zip | C:\Users\divya\AppData\Local\Programs\Python\Python312\DLLs | C:\Users\divya\AppData\Local\Programs\Python\Python312\Lib | C:\Users\divya\AppData\Local\Programs\Python\Python312 | C:\Users\divya\CascadeProjects\windsurf-project\.venv
Bootstrap: PY 3.12.8 (tags/v3.12.8:2dc476b, Dec  3 2024, 19:30:04) [MSC v.1942 64 bit (AMD64)]
EXE: C:\Users\divya\CascadeProjects\windsurf-project\.venv\Scripts\python.exe
sys.path (truncated): C:\Users\divya\CascadeProjects\windsurf-project\.venv\Lib\site-packages | C:\Users\divya\CascadeProjects\windsurf-project | C:\Program Files (x86)\CambridgeSoft\ChemOffice2015\ChemScript\Lib | C:\Users\divya\AppData\Local\Programs\Python\Python312\python312.zip | C:\Users\divya\AppData\Local\Programs\Python\Python312\DLLs | C:\Users\divya\AppData\Local\Programs\Python\Python312\Lib | C:\Users\divya\AppData\Local\Programs\Python\Python312 | C:\Users\divya\CascadeProjects\windsurf-project\.venv
Bootstrap: PY 3.12.8 (tags/v3.12.8:2dc476b, Dec  3 2024, 19:30:04) [MSC v.1942 64 bit (AMD64)]
EXE: C:\Users\divya\CascadeProjects\windsurf-project\.venv\Scripts\python.exe
sys.path (truncated): C:\Users\divya\CascadeProjects\windsurf-project\.venv\Lib\site-packages | C:\Users\divya\CascadeProjects\windsurf-project | C:\Program Files (x86)\CambridgeSoft\ChemOffice2015\ChemScript\Lib | C:\Users\divya\AppData\Local\Programs\Python\Python312\python312.zip | C:\Users\divya\AppData\Local\Programs\Python\Python312\DLLs | C:\Users\divya\AppData\Local\Programs\Python\Python312\Lib | C:\Users\divya\AppData\Local\Programs\Python\Python312 | C:\Users\divya\CascadeProjects\windsurf-project\.venv
Bootstrap: PY 3.12.8 (tags/v3.12.8:2dc476b, Dec  3 2024, 19:30:04) [MSC v.1942 64 bit (AMD64)]
EXE: C:\Users\divya\CascadeProjects\windsurf-project\.venv\Scripts\python.exe
sys.path (truncated): C:\Users\divya\CascadeProjects\windsurf-project\.venv\Lib\site-packages | C:\Users\divya\CascadeProjects\windsurf-project | C:\Program Files (x86)\CambridgeSoft\ChemOffice2015\ChemScript\Lib | C:\Users\divya\AppData\Local\Programs\Python\Python312\python312.zip | C:\Users\divya\AppData\Local\Programs\Python\Python312\DLLs | C:\Users\divya\AppData\Local\Programs\Python\Python312\Lib | C:\Users\divya\AppData\Local\Programs\Python\Python312 | C:\Users\divya\CascadeProjects\windsurf-project\.venv
Bootstrap: PY 3.12.8 (tags/v3.12.8:2dc476b, Dec  3 2024, 19:30:04) [MSC v.1942 64 bit (AMD64)]
EXE: C:\Users\divya\CascadeProjects\windsurf-project\.venv\Scripts\python.exe
sys.path (truncated): C:\Users\divya\CascadeProjects\windsurf-project\.venv\Lib\site-packages | C:\Users\divya\CascadeProjects\windsurf-project | C:\Program Files (x86)\CambridgeSoft\ChemOffice2015\ChemScript\Lib | C:\Users\divya\AppData\Local\Programs\Python\Python312\python312.zip | C:\Users\divya\AppData\Local\Programs\Python\Python312\DLLs | C:\Users\divya\AppData\Local\Programs\Python\Python312\Lib | C:\Users\divya\AppData\Local\Programs\Python\Python312 | C:\Users\divya\CascadeProjects\windsurf-project\.venv
Bootstrap: PY 3.12.8 (tags/v3.12.8:2dc476b, Dec  3 2024, 19:30:04) [MSC v.1942 64 bit (AMD64)]
EXE: C:\Users\divya\CascadeProjects\windsurf-project\.venv\Scripts\python.exe
sys.path (truncated): C:\Users\divya\CascadeProjects\windsurf-project\.venv\Lib\site-packages | C:\Users\divya\CascadeProjects\windsurf-project | C:\Program Files (x86)\CambridgeSoft\ChemOffice2015\ChemScript\Lib | C:\Users\divya\AppData\Local\Programs\Python\Python312\python312.zip | C:\Users\divya\AppData\Local\Programs\Python\Python312\DLLs | C:\Users\divya\AppData\Local\Programs\Python\Python312\Lib | C:\Users\divya\AppData\Local\Programs\Python\Python312 | C:\Users\divya\CascadeProjects\windsurf-project\.venv
Bootstrap: PY 3.12.8 (tags/v3.12.8:2dc476b, Dec  3 2024, 19:30:04) [MSC v.1942 64 bit (AMD64)]
EXE: C:\Users\divya\CascadeProjects\windsurf-project\.venv\Scripts\python.exe
sys.path (truncated): C:\Users\divya\CascadeProjects\windsurf-project\.venv\Lib\site-packages | C:\Users\divya\CascadeProjects\windsurf-project | C:\Program Files (x86)\CambridgeSoft\ChemOffice2015\ChemScript\Lib | C:\Users\divya\AppData\Local\Programs\Python\Python312\python312.zip | C:\Users\divya\AppData\Local\Programs\Python\Python312\DLLs | C:\Users\divya\AppData\Local\Programs\Python\Python312\Lib | C:\Users\divya\AppData\Local\Programs\Python\Python312 | C:\Users\divya\CascadeProjects\windsurf-project\.venv
Bootstrap: PY 3.12.8 (tags/v3.12.8:2dc476b, Dec  3 2024, 19:30:04) [MSC v.1942 64 bit (AMD64)]
EXE: C:\Users\divya\CascadeProjects\windsurf-project\.venv\Scripts\python.exe
sys.path (truncated): C:\Users\divya\CascadeProjects\windsurf-project\.venv\Lib\site-packages | C:\Users\divya\CascadeProjects\windsurf-project | C:\Program Files (x86)\CambridgeSoft\ChemOffice2015\ChemScript\Lib | C:\Users\divya\AppData\Local\Programs\Python\Python312\python312.zip | C:\Users\divya\AppData\Local\Programs\Python\Python312\DLLs | C:\Users\divya\AppData\Local\Programs\Python\Python312\Lib | C:\Users\divya\AppData\Local\Programs\Python\Python312 | C:\Users\divya\CascadeProjects\windsurf-project\.venv
Bootstrap: PY 3.12.8 (tags/v3.12.8:2dc476b, Dec  3 2024, 19:30:04) [MSC v.1942 64 bit (AMD64)]
EXE: C:\Users\divya\CascadeProjects\windsurf-project\.venv\Scripts\python.exe
sys.path (truncated): C:\Users\divya\CascadeProjects\windsurf-project\.venv\Lib\site-packages | C:\Users\divya\CascadeProjects\windsurf-project | C:\Program Files (x86)\CambridgeSoft\ChemOffice2015\ChemScript\Lib | C:\Users\divya\AppData\Local\Programs\Python\Python312\python312.zip | C:\Users\divya\AppData\Local\Programs\Python\Python312\DLLs | C:\Users\divya\AppData\Local\Programs\Python\Python312\Lib | C:\Users\divya\AppData\Local\Programs\Python\Python312 | C:\Users\divya\CascadeProjects\windsurf-project\.venv
Bootstrap: PY 3.12.8 (tags/v3.12.8:2dc476b, Dec  3 2024, 19:30:04) [MSC v.1942 64 bit (AMD64)]
EXE: C:\Users\divya\CascadeProjects\windsurf-project\.venv\Scripts\python.exe
sys.path (truncated): C:\Users\divya\CascadeProjects\windsurf-project\.venv\Lib\site-packages | C:\Users\divya\CascadeProjects\windsurf-project | C:\Program Files (x86)\CambridgeSoft\ChemOffice2015\ChemScript\Lib | C:\Users\divya\AppData\Local\Programs\Python\Python312\python312.zip | C:\Users\divya\AppData\Local\Programs\Python\Python312\DLLs | C:\Users\divya\AppData\Local\Programs\Python\Python312\Lib | C:\Users\divya\AppData\Local\Programs\Python\Python312 | C:\Users\divya\CascadeProjects\windsurf-project\.venv
Bootstrap: PY 3.12.8 (tags/v3.12.8:2dc476b, Dec  3 2024, 19:30:04) [MSC v.1942 64 bit (AMD64)]
EXE: C:\Users\divya\CascadeProjects\windsurf-project\.venv\Scripts\python.exe
sys.path (truncated): C:\Users\divya\CascadeProjects\windsurf-project\.venv\Lib\site-packages | C:\Users\divya\CascadeProjects\windsurf-project | C:\Program Files (x86)\CambridgeSoft\ChemOffice2015\ChemScript\Lib | C:\Users\divya\AppData\Local\Programs\Python\Python312\python312.zip | C:\Users\divya\AppData\Local\Programs\Python\Python312\DLLs | C:\Users\divya\AppData\Local\Programs\Python\Python312\Lib | C:\Users\divya\AppData\Local\Programs\Python\Python312 | C:\Users\divya\CascadeProjects\windsurf-project\.venv
Bootstrap: PY 3.12.8 (tags/v3.12.8:2dc476b, Dec  3 2024, 19:30:04) [MSC v.1942 64 bit (AMD64)]
Bootstrap: PY 3.12.8 (tags/v3.12.8:2dc476b, Dec  3 2024, 19:30:04) [MSC v.1942 64 bit (AMD64)]
EXE: C:\Users\divya\CascadeProjects\windsurf-project\.venv\Scripts\python.exe
sys.path (truncated): C:\Users\divya\CascadeProjects\windsurf-project\.venv\Lib\site-packages | C:\Users\divya\CascadeProjects\windsurf-project | C:\Program Files (x86)\CambridgeSoft\ChemOffice2015\ChemScript\Lib | C:\Users\divya\AppData\Local\Programs\Python\Python312\python312.zip | C:\Users\divya\AppData\Local\Programs\Python\Python312\DLLs | C:\Users\divya\AppData\Local\Programs\Python\Python312\Lib | C:\Users\divya\AppData\Local\Programs\Python\Python312 | C:\Users\divya\CascadeProjects\windsurf-project\.venv
EXE: C:\Users\divya\CascadeProjects\windsurf-project\.venv\Scripts\python.exe
sys.path (truncated): C:\Users\divya\CascadeProjects\windsurf-project\.venv\Lib\site-packages | C:\Users\divya\CascadeProjects\windsurf-project | C:\Program Files (x86)\CambridgeSoft\ChemOffice2015\ChemScript\Lib | C:\Users\divya\AppData\Local\Programs\Python\Python312\python312.zip | C:\Users\divya\AppData\Local\Programs\Python\Python312\DLLs | C:\Users\divya\AppData\Local\Programs\Python\Python312\Lib | C:\Users\divya\AppData\Local\Programs\Python\Python312 | C:\Users\divya\CascadeProjects\windsurf-project\.venv
Bootstrap: PY 3.12.8 (tags/v3.12.8:2dc476b, Dec  3 2024, 19:30:04) [MSC v.1942 64 bit (AMD64)]
EXE: C:\Users\divya\CascadeProjects\windsurf-project\.venv\Scripts\python.exe
sys.path (truncated): C:\Users\divya\CascadeProjects\windsurf-project\.venv\Lib\site-packages | C:\Users\divya\CascadeProjects\windsurf-project | C:\Program Files (x86)\CambridgeSoft\ChemOffice2015\ChemScript\Lib | C:\Users\divya\AppData\Local\Programs\Python\Python312\python312.zip | C:\Users\divya\AppData\Local\Programs\Python\Python312\DLLs | C:\Users\divya\AppData\Local\Programs\Python\Python312\Lib | C:\Users\divya\AppData\Local\Programs\Python\Python312 | C:\Users\divya\CascadeProjects\windsurf-project\.venv
EXE: C:\Users\divya\CascadeProjects\windsurf-project\.venv\Scripts\python.exe
sys.path (truncated): C:\Users\divya\CascadeProjects\windsurf-project\.venv\Lib\site-packages | C:\Users\divya\CascadeProjects\windsurf-project | C:\Program Files (x86)\CambridgeSoft\ChemOffice2015\ChemScript\Lib | C:\Users\divya\AppData\Local\Programs\Python\Python312\python312.zip | C:\Users\divya\AppData\Local\Programs\Python\Python312\DLLs | C:\Users\divya\AppData\Local\Programs\Python\Python312\Lib | C:\Users\divya\AppData\Local\Programs\Python\Python312 | C:\Users\divya\CascadeProjects\windsurf-project\.venv
Bootstrap: PY 3.12.8 (tags/v3.12.8:2dc476b, Dec  3 2024, 19:30:04) [MSC v.1942 64 bit (AMD64)]
EXE: C:\Users\divya\CascadeProjects\windsurf-project\.venv\Scripts\python.exe
sys.path (truncated): C:\Users\divya\CascadeProjects\windsurf-project\.venv\Lib\site-packages | C:\Users\divya\CascadeProjects\windsurf-project | C:\Program Files (x86)\CambridgeSoft\ChemOffice2015\ChemScript\Lib | C:\Users\divya\AppData\Local\Programs\Python\Python312\python312.zip | C:\Users\divya\AppData\Local\Programs\Python\Python312\DLLs | C:\Users\divya\AppData\Local\Programs\Python\Python312\Lib | C:\Users\divya\AppData\Local\Programs\Python\Python312 | C:\Users\divya\CascadeProjects\windsurf-project\.venv
Bootstrap: PY 3.12.8 (tags/v3.12.8:2dc476b, Dec  3 2024, 19:30:04) [MSC v.1942 64 bit (AMD64)]
EXE: C:\Users\divya\CascadeProjects\windsurf-project\.venv\Scripts\python.exe
sys.path (truncated): C:\Users\divya\CascadeProjects\windsurf-project\.venv\Lib\site-packages | C:\Users\divya\CascadeProjects\windsurf-project | C:\Program Files (x86)\CambridgeSoft\ChemOffice2015\ChemScript\Lib | C:\Users\divya\AppData\Local\Programs\Python\Python312\python312.zip | C:\Users\divya\AppData\Local\Programs\Python\Python312\DLLs | C:\Users\divya\AppData\Local\Programs\Python\Python312\Lib | C:\Users\divya\AppData\Local\Programs\Python\Python312 | C:\Users\divya\CascadeProjects\windsurf-project\.venv
Bootstrap: PY 3.12.8 (tags/v3.12.8:2dc476b, Dec  3 2024, 19:30:04) [MSC v.1942 64 bit (AMD64)]
Bootstrap: PY 3.12.8 (tags/v3.12.8:2dc476b, Dec  3 2024, 19:30:04) [MSC v.1942 64 bit (AMD64)]
EXE: C:\Users\divya\CascadeProjects\windsurf-project\.venv\Scripts\python.exe
sys.path (truncated): C:\Users\divya\CascadeProjects\windsurf-project\.venv\Lib\site-packages | C:\Users\divya\CascadeProjects\windsurf-project | C:\Program Files (x86)\CambridgeSoft\ChemOffice2015\ChemScript\Lib | C:\Users\divya\AppData\Local\Programs\Python\Python312\python312.zip | C:\Users\divya\AppData\Local\Programs\Python\Python312\DLLs | C:\Users\divya\AppData\Local\Programs\Python\Python312\Lib | C:\Users\divya\AppData\Local\Programs\Python\Python312 | C:\Users\divya\CascadeProjects\windsurf-project\.venv
EXE: C:\Users\divya\CascadeProjects\windsurf-project\.venv\Scripts\python.exe
sys.path (truncated): C:\Users\divya\CascadeProjects\windsurf-project\.venv\Lib\site-packages | C:\Users\divya\CascadeProjects\windsurf-project | C:\Program Files (x86)\CambridgeSoft\ChemOffice2015\ChemScript\Lib | C:\Users\divya\AppData\Local\Programs\Python\Python312\python312.zip | C:\Users\divya\AppData\Local\Programs\Python\Python312\DLLs | C:\Users\divya\AppData\Local\Programs\Python\Python312\Lib | C:\Users\divya\AppData\Local\Programs\Python\Python312 | C:\Users\divya\CascadeProjects\windsurf-project\.venv
